2022-05-23 16:44:13.069  INFO 1812 --- [restartedMain] c.b.e.EmployeePayrollAppApplication      : Starting EmployeePayrollAppApplication using Java 17.0.2 on DESKTOP-4ORA393 with PID 1812 (C:\Users\nani\Documents\SpringBoot\EmployeePayrollApp\target\classes started by nani in C:\Users\nani\Documents\SpringBoot\EmployeePayrollApp)
2022-05-23 16:44:13.079 DEBUG 1812 --- [restartedMain] c.b.e.EmployeePayrollAppApplication      : Running with Spring Boot v2.7.0, Spring v5.3.20
2022-05-23 16:44:13.080  INFO 1812 --- [restartedMain] c.b.e.EmployeePayrollAppApplication      : No active profile set, falling back to 1 default profile: "default"
2022-05-23 16:44:17.021  WARN 1812 --- [restartedMain] JpaBaseConfiguration$JpaWebConfiguration : spring.jpa.open-in-view is enabled by default. Therefore, database queries may be performed during view rendering. Explicitly configure spring.jpa.open-in-view to disable this warning
2022-05-23 16:44:17.448  INFO 1812 --- [restartedMain] c.b.e.EmployeePayrollAppApplication      : Started EmployeePayrollAppApplication in 5.041 seconds (JVM running for 6.161)
2022-05-23 16:46:20.243  INFO 9708 --- [restartedMain] c.b.e.EmployeePayrollAppApplication      : Starting EmployeePayrollAppApplication using Java 17.0.2 on DESKTOP-4ORA393 with PID 9708 (C:\Users\nani\Documents\SpringBoot\EmployeePayrollApp\target\classes started by nani in C:\Users\nani\Documents\SpringBoot\EmployeePayrollApp)
2022-05-23 16:46:20.246 DEBUG 9708 --- [restartedMain] c.b.e.EmployeePayrollAppApplication      : Running with Spring Boot v2.7.0, Spring v5.3.20
2022-05-23 16:46:20.247  INFO 9708 --- [restartedMain] c.b.e.EmployeePayrollAppApplication      : No active profile set, falling back to 1 default profile: "default"
2022-05-23 16:46:23.653  WARN 9708 --- [restartedMain] JpaBaseConfiguration$JpaWebConfiguration : spring.jpa.open-in-view is enabled by default. Therefore, database queries may be performed during view rendering. Explicitly configure spring.jpa.open-in-view to disable this warning
2022-05-23 16:46:24.047  INFO 9708 --- [restartedMain] c.b.e.EmployeePayrollAppApplication      : Started EmployeePayrollAppApplication in 4.454 seconds (JVM running for 5.482)
2022-05-23 17:40:13.561  INFO 9220 --- [restartedMain] c.b.e.EmployeePayrollAppApplication      : Starting EmployeePayrollAppApplication using Java 17.0.2 on DESKTOP-4ORA393 with PID 9220 (C:\Users\nani\Documents\SpringBoot\EmployeePayrollApp\target\classes started by root in C:\Users\nani\Documents\SpringBoot\EmployeePayrollApp)
2022-05-23 17:40:13.564 DEBUG 9220 --- [restartedMain] c.b.e.EmployeePayrollAppApplication      : Running with Spring Boot v2.7.0, Spring v5.3.20
2022-05-23 17:40:13.565  INFO 9220 --- [restartedMain] c.b.e.EmployeePayrollAppApplication      : The following 1 profile is active: "dev"
2022-05-23 17:40:17.462  WARN 9220 --- [restartedMain] JpaBaseConfiguration$JpaWebConfiguration : spring.jpa.open-in-view is enabled by default. Therefore, database queries may be performed during view rendering. Explicitly configure spring.jpa.open-in-view to disable this warning
2022-05-23 17:40:17.908  INFO 9220 --- [restartedMain] c.b.e.EmployeePayrollAppApplication      : Started EmployeePayrollAppApplication in 4.871 seconds (JVM running for 6.175)
2022-05-23 17:49:39.756  INFO 5792 --- [restartedMain] c.b.e.EmployeePayrollAppApplication      : Starting EmployeePayrollAppApplication using Java 17.0.2 on DESKTOP-4ORA393 with PID 5792 (C:\Users\nani\Documents\SpringBoot\EmployeePayrollApp\target\classes started by root in C:\Users\nani\Documents\SpringBoot\EmployeePayrollApp)
2022-05-23 17:49:39.756 DEBUG 5792 --- [restartedMain] c.b.e.EmployeePayrollAppApplication      : Running with Spring Boot v2.7.0, Spring v5.3.20
2022-05-23 17:49:39.756  INFO 5792 --- [restartedMain] c.b.e.EmployeePayrollAppApplication      : The following 1 profile is active: "dev"
2022-05-23 17:49:42.864  WARN 5792 --- [restartedMain] JpaBaseConfiguration$JpaWebConfiguration : spring.jpa.open-in-view is enabled by default. Therefore, database queries may be performed during view rendering. Explicitly configure spring.jpa.open-in-view to disable this warning
2022-05-23 17:49:43.239  INFO 5792 --- [restartedMain] c.b.e.EmployeePayrollAppApplication      : Started EmployeePayrollAppApplication in 4.034 seconds (JVM running for 4.99)
2022-05-23 17:50:01.075  WARN 5792 --- [http-nio-8080-exec-2] .w.s.m.s.DefaultHandlerExceptionResolver : Resolved [org.springframework.web.bind.MethodArgumentNotValidException: Validation failed for argument [0] in public org.springframework.http.ResponseEntity<com.bridgelabz.employeepayrollapp.dto.ResponseDTO> com.bridgelabz.employeepayrollapp.controller.EmployeePayrollController.createEmployeePayrollData(com.bridgelabz.employeepayrollapp.dto.EmployeePayrollDTO): [Field error in object 'employeePayrollDTO' on field 'name': rejected value [ramesh]; codes [Pattern.employeePayrollDTO.name,Pattern.name,Pattern.java.lang.String,Pattern]; arguments [org.springframework.context.support.DefaultMessageSourceResolvable: codes [employeePayrollDTO.name,name]; arguments []; default message [name],[Ljavax.validation.constraints.Pattern$Flag;@46f7decf,^[A-Z]{1}[a-zA-Z\s]{2,}$]; default message [Employee name Invalid]] ]
2022-05-23 17:50:14.903  WARN 5792 --- [http-nio-8080-exec-3] .w.s.m.s.DefaultHandlerExceptionResolver : Resolved [org.springframework.web.bind.MethodArgumentNotValidException: Validation failed for argument [0] in public org.springframework.http.ResponseEntity<com.bridgelabz.employeepayrollapp.dto.ResponseDTO> com.bridgelabz.employeepayrollapp.controller.EmployeePayrollController.createEmployeePayrollData(com.bridgelabz.employeepayrollapp.dto.EmployeePayrollDTO) with 2 errors: [Field error in object 'employeePayrollDTO' on field 'salary': rejected value [0]; codes [Min.employeePayrollDTO.salary,Min.salary,Min.long,Min]; arguments [org.springframework.context.support.DefaultMessageSourceResolvable: codes [employeePayrollDTO.salary,salary]; arguments []; default message [salary],500]; default message [Min Wage should be more than 500]] [Field error in object 'employeePayrollDTO' on field 'name': rejected value [ramesh]; codes [Pattern.employeePayrollDTO.name,Pattern.name,Pattern.java.lang.String,Pattern]; arguments [org.springframework.context.support.DefaultMessageSourceResolvable: codes [employeePayrollDTO.name,name]; arguments []; default message [name],[Ljavax.validation.constraints.Pattern$Flag;@46f7decf,^[A-Z]{1}[a-zA-Z\s]{2,}$]; default message [Employee name Invalid]] ]
2022-05-23 17:50:25.684  WARN 5792 --- [http-nio-8080-exec-5] .w.s.m.s.DefaultHandlerExceptionResolver : Resolved [org.springframework.web.HttpRequestMethodNotSupportedException: Request method 'PUT' not supported]
2022-05-23 17:50:35.090  WARN 5792 --- [http-nio-8080-exec-7] .w.s.m.s.DefaultHandlerExceptionResolver : Resolved [org.springframework.web.bind.MethodArgumentNotValidException: Validation failed for argument [1] in public org.springframework.http.ResponseEntity<com.bridgelabz.employeepayrollapp.dto.ResponseDTO> com.bridgelabz.employeepayrollapp.controller.EmployeePayrollController.updateEmployeePayrollData(int,com.bridgelabz.employeepayrollapp.dto.EmployeePayrollDTO) with 2 errors: [Field error in object 'employeePayrollDTO' on field 'salary': rejected value [0]; codes [Min.employeePayrollDTO.salary,Min.salary,Min.long,Min]; arguments [org.springframework.context.support.DefaultMessageSourceResolvable: codes [employeePayrollDTO.salary,salary]; arguments []; default message [salary],500]; default message [Min Wage should be more than 500]] [Field error in object 'employeePayrollDTO' on field 'name': rejected value [ramesh]; codes [Pattern.employeePayrollDTO.name,Pattern.name,Pattern.java.lang.String,Pattern]; arguments [org.springframework.context.support.DefaultMessageSourceResolvable: codes [employeePayrollDTO.name,name]; arguments []; default message [name],[Ljavax.validation.constraints.Pattern$Flag;@46f7decf,^[A-Z]{1}[a-zA-Z\s]{2,}$]; default message [Employee name Invalid]] ]
2022-05-23 17:57:03.043  WARN 5792 --- [http-nio-8080-exec-9] .w.s.m.s.DefaultHandlerExceptionResolver : Resolved [org.springframework.web.bind.MethodArgumentNotValidException: Validation failed for argument [0] in public org.springframework.http.ResponseEntity<com.bridgelabz.employeepayrollapp.dto.ResponseDTO> com.bridgelabz.employeepayrollapp.controller.EmployeePayrollController.createEmployeePayrollData(com.bridgelabz.employeepayrollapp.dto.EmployeePayrollDTO) with 2 errors: [Field error in object 'employeePayrollDTO' on field 'salary': rejected value [0]; codes [Min.employeePayrollDTO.salary,Min.salary,Min.long,Min]; arguments [org.springframework.context.support.DefaultMessageSourceResolvable: codes [employeePayrollDTO.salary,salary]; arguments []; default message [salary],500]; default message [Min Wage should be more than 500]] [Field error in object 'employeePayrollDTO' on field 'name': rejected value [mounika]; codes [Pattern.employeePayrollDTO.name,Pattern.name,Pattern.java.lang.String,Pattern]; arguments [org.springframework.context.support.DefaultMessageSourceResolvable: codes [employeePayrollDTO.name,name]; arguments []; default message [name],[Ljavax.validation.constraints.Pattern$Flag;@46f7decf,^[A-Z]{1}[a-zA-Z\s]{2,}$]; default message [Employee name Invalid]] ]
2022-05-23 17:57:17.205  INFO 4244 --- [restartedMain] c.b.e.EmployeePayrollAppApplication      : Starting EmployeePayrollAppApplication using Java 17.0.2 on DESKTOP-4ORA393 with PID 4244 (C:\Users\nani\Documents\SpringBoot\EmployeePayrollApp\target\classes started by root in C:\Users\nani\Documents\SpringBoot\EmployeePayrollApp)
2022-05-23 17:57:17.207 DEBUG 4244 --- [restartedMain] c.b.e.EmployeePayrollAppApplication      : Running with Spring Boot v2.7.0, Spring v5.3.20
2022-05-23 17:57:17.208  INFO 4244 --- [restartedMain] c.b.e.EmployeePayrollAppApplication      : The following 1 profile is active: "dev"
2022-05-23 17:57:20.890  WARN 4244 --- [restartedMain] JpaBaseConfiguration$JpaWebConfiguration : spring.jpa.open-in-view is enabled by default. Therefore, database queries may be performed during view rendering. Explicitly configure spring.jpa.open-in-view to disable this warning
2022-05-23 17:57:21.301  INFO 4244 --- [restartedMain] c.b.e.EmployeePayrollAppApplication      : Started EmployeePayrollAppApplication in 4.729 seconds (JVM running for 5.983)
2022-05-23 17:57:31.227  WARN 4244 --- [http-nio-8080-exec-2] .m.m.a.ExceptionHandlerExceptionResolver : Resolved [org.springframework.web.bind.MethodArgumentNotValidException: Validation failed for argument [0] in public org.springframework.http.ResponseEntity<com.bridgelabz.employeepayrollapp.dto.ResponseDTO> com.bridgelabz.employeepayrollapp.controller.EmployeePayrollController.createEmployeePayrollData(com.bridgelabz.employeepayrollapp.dto.EmployeePayrollDTO) with 2 errors: [Field error in object 'employeePayrollDTO' on field 'salary': rejected value [0]; codes [Min.employeePayrollDTO.salary,Min.salary,Min.long,Min]; arguments [org.springframework.context.support.DefaultMessageSourceResolvable: codes [employeePayrollDTO.salary,salary]; arguments []; default message [salary],500]; default message [Min Wage should be more than 500]] [Field error in object 'employeePayrollDTO' on field 'name': rejected value [mounika]; codes [Pattern.employeePayrollDTO.name,Pattern.name,Pattern.java.lang.String,Pattern]; arguments [org.springframework.context.support.DefaultMessageSourceResolvable: codes [employeePayrollDTO.name,name]; arguments []; default message [name],[Ljavax.validation.constraints.Pattern$Flag;@130288ce,^[A-Z]{1}[a-zA-Z\s]{2,}$]; default message [Employee name Invalid]] ]
2022-05-23 18:00:35.696  INFO 12532 --- [restartedMain] c.b.e.EmployeePayrollAppApplication      : Starting EmployeePayrollAppApplication using Java 17.0.2 on DESKTOP-4ORA393 with PID 12532 (C:\Users\nani\Documents\SpringBoot\EmployeePayrollApp\target\classes started by root in C:\Users\nani\Documents\SpringBoot\EmployeePayrollApp)
2022-05-23 18:00:35.696 DEBUG 12532 --- [restartedMain] c.b.e.EmployeePayrollAppApplication      : Running with Spring Boot v2.7.0, Spring v5.3.20
2022-05-23 18:00:35.696  INFO 12532 --- [restartedMain] c.b.e.EmployeePayrollAppApplication      : The following 1 profile is active: "dev"
2022-05-23 18:00:38.491  WARN 12532 --- [restartedMain] JpaBaseConfiguration$JpaWebConfiguration : spring.jpa.open-in-view is enabled by default. Therefore, database queries may be performed during view rendering. Explicitly configure spring.jpa.open-in-view to disable this warning
2022-05-23 18:00:38.850  INFO 12532 --- [restartedMain] c.b.e.EmployeePayrollAppApplication      : Started EmployeePayrollAppApplication in 3.643 seconds (JVM running for 4.566)
2022-05-23 18:02:01.582 ERROR 12532 --- [http-nio-8080-exec-6] o.a.c.c.C.[.[.[/].[dispatcherServlet]    : Servlet.service() for servlet [dispatcherServlet] in context with path [] threw exception [Request processing failed; nested exception is java.lang.IndexOutOfBoundsException: Index 2 out of bounds for length 2] with root cause

java.lang.IndexOutOfBoundsException: Index 2 out of bounds for length 2
	at java.base/jdk.internal.util.Preconditions.outOfBounds(Preconditions.java:64) ~[na:na]
	at java.base/jdk.internal.util.Preconditions.outOfBoundsCheckIndex(Preconditions.java:70) ~[na:na]
	at java.base/jdk.internal.util.Preconditions.checkIndex(Preconditions.java:266) ~[na:na]
	at java.base/java.util.Objects.checkIndex(Objects.java:359) ~[na:na]
	at java.base/java.util.ArrayList.get(ArrayList.java:427) ~[na:na]
	at com.bridgelabz.employeepayrollapp.service.EmployeePayrollService.getEmployeePayrollDataById(EmployeePayrollService.java:20) ~[classes/:na]
	at com.bridgelabz.employeepayrollapp.controller.EmployeePayrollController.getEmployeePayrollData(EmployeePayrollController.java:33) ~[classes/:na]
	at java.base/jdk.internal.reflect.NativeMethodAccessorImpl.invoke0(Native Method) ~[na:na]
	at java.base/jdk.internal.reflect.NativeMethodAccessorImpl.invoke(NativeMethodAccessorImpl.java:77) ~[na:na]
	at java.base/jdk.internal.reflect.DelegatingMethodAccessorImpl.invoke(DelegatingMethodAccessorImpl.java:43) ~[na:na]
	at java.base/java.lang.reflect.Method.invoke(Method.java:568) ~[na:na]
	at org.springframework.web.method.support.InvocableHandlerMethod.doInvoke(InvocableHandlerMethod.java:205) ~[spring-web-5.3.20.jar:5.3.20]
	at org.springframework.web.method.support.InvocableHandlerMethod.invokeForRequest(InvocableHandlerMethod.java:150) ~[spring-web-5.3.20.jar:5.3.20]
	at org.springframework.web.servlet.mvc.method.annotation.ServletInvocableHandlerMethod.invokeAndHandle(ServletInvocableHandlerMethod.java:117) ~[spring-webmvc-5.3.20.jar:5.3.20]
	at org.springframework.web.servlet.mvc.method.annotation.RequestMappingHandlerAdapter.invokeHandlerMethod(RequestMappingHandlerAdapter.java:895) ~[spring-webmvc-5.3.20.jar:5.3.20]
	at org.springframework.web.servlet.mvc.method.annotation.RequestMappingHandlerAdapter.handleInternal(RequestMappingHandlerAdapter.java:808) ~[spring-webmvc-5.3.20.jar:5.3.20]
	at org.springframework.web.servlet.mvc.method.AbstractHandlerMethodAdapter.handle(AbstractHandlerMethodAdapter.java:87) ~[spring-webmvc-5.3.20.jar:5.3.20]
	at org.springframework.web.servlet.DispatcherServlet.doDispatch(DispatcherServlet.java:1067) ~[spring-webmvc-5.3.20.jar:5.3.20]
	at org.springframework.web.servlet.DispatcherServlet.doService(DispatcherServlet.java:963) ~[spring-webmvc-5.3.20.jar:5.3.20]
	at org.springframework.web.servlet.FrameworkServlet.processRequest(FrameworkServlet.java:1006) ~[spring-webmvc-5.3.20.jar:5.3.20]
	at org.springframework.web.servlet.FrameworkServlet.doGet(FrameworkServlet.java:898) ~[spring-webmvc-5.3.20.jar:5.3.20]
	at javax.servlet.http.HttpServlet.service(HttpServlet.java:655) ~[tomcat-embed-core-9.0.63.jar:4.0.FR]
	at org.springframework.web.servlet.FrameworkServlet.service(FrameworkServlet.java:883) ~[spring-webmvc-5.3.20.jar:5.3.20]
	at javax.servlet.http.HttpServlet.service(HttpServlet.java:764) ~[tomcat-embed-core-9.0.63.jar:4.0.FR]
	at org.apache.catalina.core.ApplicationFilterChain.internalDoFilter(ApplicationFilterChain.java:227) ~[tomcat-embed-core-9.0.63.jar:9.0.63]
	at org.apache.catalina.core.ApplicationFilterChain.doFilter(ApplicationFilterChain.java:162) ~[tomcat-embed-core-9.0.63.jar:9.0.63]
	at org.apache.tomcat.websocket.server.WsFilter.doFilter(WsFilter.java:53) ~[tomcat-embed-websocket-9.0.63.jar:9.0.63]
	at org.apache.catalina.core.ApplicationFilterChain.internalDoFilter(ApplicationFilterChain.java:189) ~[tomcat-embed-core-9.0.63.jar:9.0.63]
	at org.apache.catalina.core.ApplicationFilterChain.doFilter(ApplicationFilterChain.java:162) ~[tomcat-embed-core-9.0.63.jar:9.0.63]
	at org.springframework.web.filter.RequestContextFilter.doFilterInternal(RequestContextFilter.java:100) ~[spring-web-5.3.20.jar:5.3.20]
	at org.springframework.web.filter.OncePerRequestFilter.doFilter(OncePerRequestFilter.java:117) ~[spring-web-5.3.20.jar:5.3.20]
	at org.apache.catalina.core.ApplicationFilterChain.internalDoFilter(ApplicationFilterChain.java:189) ~[tomcat-embed-core-9.0.63.jar:9.0.63]
	at org.apache.catalina.core.ApplicationFilterChain.doFilter(ApplicationFilterChain.java:162) ~[tomcat-embed-core-9.0.63.jar:9.0.63]
	at org.springframework.web.filter.FormContentFilter.doFilterInternal(FormContentFilter.java:93) ~[spring-web-5.3.20.jar:5.3.20]
	at org.springframework.web.filter.OncePerRequestFilter.doFilter(OncePerRequestFilter.java:117) ~[spring-web-5.3.20.jar:5.3.20]
	at org.apache.catalina.core.ApplicationFilterChain.internalDoFilter(ApplicationFilterChain.java:189) ~[tomcat-embed-core-9.0.63.jar:9.0.63]
	at org.apache.catalina.core.ApplicationFilterChain.doFilter(ApplicationFilterChain.java:162) ~[tomcat-embed-core-9.0.63.jar:9.0.63]
	at org.springframework.web.filter.CharacterEncodingFilter.doFilterInternal(CharacterEncodingFilter.java:201) ~[spring-web-5.3.20.jar:5.3.20]
	at org.springframework.web.filter.OncePerRequestFilter.doFilter(OncePerRequestFilter.java:117) ~[spring-web-5.3.20.jar:5.3.20]
	at org.apache.catalina.core.ApplicationFilterChain.internalDoFilter(ApplicationFilterChain.java:189) ~[tomcat-embed-core-9.0.63.jar:9.0.63]
	at org.apache.catalina.core.ApplicationFilterChain.doFilter(ApplicationFilterChain.java:162) ~[tomcat-embed-core-9.0.63.jar:9.0.63]
	at org.apache.catalina.core.StandardWrapperValve.invoke(StandardWrapperValve.java:197) ~[tomcat-embed-core-9.0.63.jar:9.0.63]
	at org.apache.catalina.core.StandardContextValve.invoke(StandardContextValve.java:97) ~[tomcat-embed-core-9.0.63.jar:9.0.63]
	at org.apache.catalina.authenticator.AuthenticatorBase.invoke(AuthenticatorBase.java:541) ~[tomcat-embed-core-9.0.63.jar:9.0.63]
	at org.apache.catalina.core.StandardHostValve.invoke(StandardHostValve.java:135) ~[tomcat-embed-core-9.0.63.jar:9.0.63]
	at org.apache.catalina.valves.ErrorReportValve.invoke(ErrorReportValve.java:92) ~[tomcat-embed-core-9.0.63.jar:9.0.63]
	at org.apache.catalina.core.StandardEngineValve.invoke(StandardEngineValve.java:78) ~[tomcat-embed-core-9.0.63.jar:9.0.63]
	at org.apache.catalina.connector.CoyoteAdapter.service(CoyoteAdapter.java:360) ~[tomcat-embed-core-9.0.63.jar:9.0.63]
	at org.apache.coyote.http11.Http11Processor.service(Http11Processor.java:399) ~[tomcat-embed-core-9.0.63.jar:9.0.63]
	at org.apache.coyote.AbstractProcessorLight.process(AbstractProcessorLight.java:65) ~[tomcat-embed-core-9.0.63.jar:9.0.63]
	at org.apache.coyote.AbstractProtocol$ConnectionHandler.process(AbstractProtocol.java:890) ~[tomcat-embed-core-9.0.63.jar:9.0.63]
	at org.apache.tomcat.util.net.NioEndpoint$SocketProcessor.doRun(NioEndpoint.java:1743) ~[tomcat-embed-core-9.0.63.jar:9.0.63]
	at org.apache.tomcat.util.net.SocketProcessorBase.run(SocketProcessorBase.java:49) ~[tomcat-embed-core-9.0.63.jar:9.0.63]
	at org.apache.tomcat.util.threads.ThreadPoolExecutor.runWorker(ThreadPoolExecutor.java:1191) ~[tomcat-embed-core-9.0.63.jar:9.0.63]
	at org.apache.tomcat.util.threads.ThreadPoolExecutor$Worker.run(ThreadPoolExecutor.java:659) ~[tomcat-embed-core-9.0.63.jar:9.0.63]
	at org.apache.tomcat.util.threads.TaskThread$WrappingRunnable.run(TaskThread.java:61) ~[tomcat-embed-core-9.0.63.jar:9.0.63]
	at java.base/java.lang.Thread.run(Thread.java:833) ~[na:na]

2022-05-23 18:02:46.342 ERROR 12532 --- [http-nio-8080-exec-10] o.a.c.c.C.[.[.[/].[dispatcherServlet]    : Servlet.service() for servlet [dispatcherServlet] in context with path [] threw exception [Request processing failed; nested exception is java.lang.IndexOutOfBoundsException: Index 1 out of bounds for length 1] with root cause

java.lang.IndexOutOfBoundsException: Index 1 out of bounds for length 1
	at java.base/jdk.internal.util.Preconditions.outOfBounds(Preconditions.java:64) ~[na:na]
	at java.base/jdk.internal.util.Preconditions.outOfBoundsCheckIndex(Preconditions.java:70) ~[na:na]
	at java.base/jdk.internal.util.Preconditions.checkIndex(Preconditions.java:266) ~[na:na]
	at java.base/java.util.Objects.checkIndex(Objects.java:359) ~[na:na]
	at java.base/java.util.ArrayList.get(ArrayList.java:427) ~[na:na]
	at com.bridgelabz.employeepayrollapp.service.EmployeePayrollService.getEmployeePayrollDataById(EmployeePayrollService.java:20) ~[classes/:na]
	at com.bridgelabz.employeepayrollapp.controller.EmployeePayrollController.getEmployeePayrollData(EmployeePayrollController.java:33) ~[classes/:na]
	at java.base/jdk.internal.reflect.NativeMethodAccessorImpl.invoke0(Native Method) ~[na:na]
	at java.base/jdk.internal.reflect.NativeMethodAccessorImpl.invoke(NativeMethodAccessorImpl.java:77) ~[na:na]
	at java.base/jdk.internal.reflect.DelegatingMethodAccessorImpl.invoke(DelegatingMethodAccessorImpl.java:43) ~[na:na]
	at java.base/java.lang.reflect.Method.invoke(Method.java:568) ~[na:na]
	at org.springframework.web.method.support.InvocableHandlerMethod.doInvoke(InvocableHandlerMethod.java:205) ~[spring-web-5.3.20.jar:5.3.20]
	at org.springframework.web.method.support.InvocableHandlerMethod.invokeForRequest(InvocableHandlerMethod.java:150) ~[spring-web-5.3.20.jar:5.3.20]
	at org.springframework.web.servlet.mvc.method.annotation.ServletInvocableHandlerMethod.invokeAndHandle(ServletInvocableHandlerMethod.java:117) ~[spring-webmvc-5.3.20.jar:5.3.20]
	at org.springframework.web.servlet.mvc.method.annotation.RequestMappingHandlerAdapter.invokeHandlerMethod(RequestMappingHandlerAdapter.java:895) ~[spring-webmvc-5.3.20.jar:5.3.20]
	at org.springframework.web.servlet.mvc.method.annotation.RequestMappingHandlerAdapter.handleInternal(RequestMappingHandlerAdapter.java:808) ~[spring-webmvc-5.3.20.jar:5.3.20]
	at org.springframework.web.servlet.mvc.method.AbstractHandlerMethodAdapter.handle(AbstractHandlerMethodAdapter.java:87) ~[spring-webmvc-5.3.20.jar:5.3.20]
	at org.springframework.web.servlet.DispatcherServlet.doDispatch(DispatcherServlet.java:1067) ~[spring-webmvc-5.3.20.jar:5.3.20]
	at org.springframework.web.servlet.DispatcherServlet.doService(DispatcherServlet.java:963) ~[spring-webmvc-5.3.20.jar:5.3.20]
	at org.springframework.web.servlet.FrameworkServlet.processRequest(FrameworkServlet.java:1006) ~[spring-webmvc-5.3.20.jar:5.3.20]
	at org.springframework.web.servlet.FrameworkServlet.doGet(FrameworkServlet.java:898) ~[spring-webmvc-5.3.20.jar:5.3.20]
	at javax.servlet.http.HttpServlet.service(HttpServlet.java:655) ~[tomcat-embed-core-9.0.63.jar:4.0.FR]
	at org.springframework.web.servlet.FrameworkServlet.service(FrameworkServlet.java:883) ~[spring-webmvc-5.3.20.jar:5.3.20]
	at javax.servlet.http.HttpServlet.service(HttpServlet.java:764) ~[tomcat-embed-core-9.0.63.jar:4.0.FR]
	at org.apache.catalina.core.ApplicationFilterChain.internalDoFilter(ApplicationFilterChain.java:227) ~[tomcat-embed-core-9.0.63.jar:9.0.63]
	at org.apache.catalina.core.ApplicationFilterChain.doFilter(ApplicationFilterChain.java:162) ~[tomcat-embed-core-9.0.63.jar:9.0.63]
	at org.apache.tomcat.websocket.server.WsFilter.doFilter(WsFilter.java:53) ~[tomcat-embed-websocket-9.0.63.jar:9.0.63]
	at org.apache.catalina.core.ApplicationFilterChain.internalDoFilter(ApplicationFilterChain.java:189) ~[tomcat-embed-core-9.0.63.jar:9.0.63]
	at org.apache.catalina.core.ApplicationFilterChain.doFilter(ApplicationFilterChain.java:162) ~[tomcat-embed-core-9.0.63.jar:9.0.63]
	at org.springframework.web.filter.RequestContextFilter.doFilterInternal(RequestContextFilter.java:100) ~[spring-web-5.3.20.jar:5.3.20]
	at org.springframework.web.filter.OncePerRequestFilter.doFilter(OncePerRequestFilter.java:117) ~[spring-web-5.3.20.jar:5.3.20]
	at org.apache.catalina.core.ApplicationFilterChain.internalDoFilter(ApplicationFilterChain.java:189) ~[tomcat-embed-core-9.0.63.jar:9.0.63]
	at org.apache.catalina.core.ApplicationFilterChain.doFilter(ApplicationFilterChain.java:162) ~[tomcat-embed-core-9.0.63.jar:9.0.63]
	at org.springframework.web.filter.FormContentFilter.doFilterInternal(FormContentFilter.java:93) ~[spring-web-5.3.20.jar:5.3.20]
	at org.springframework.web.filter.OncePerRequestFilter.doFilter(OncePerRequestFilter.java:117) ~[spring-web-5.3.20.jar:5.3.20]
	at org.apache.catalina.core.ApplicationFilterChain.internalDoFilter(ApplicationFilterChain.java:189) ~[tomcat-embed-core-9.0.63.jar:9.0.63]
	at org.apache.catalina.core.ApplicationFilterChain.doFilter(ApplicationFilterChain.java:162) ~[tomcat-embed-core-9.0.63.jar:9.0.63]
	at org.springframework.web.filter.CharacterEncodingFilter.doFilterInternal(CharacterEncodingFilter.java:201) ~[spring-web-5.3.20.jar:5.3.20]
	at org.springframework.web.filter.OncePerRequestFilter.doFilter(OncePerRequestFilter.java:117) ~[spring-web-5.3.20.jar:5.3.20]
	at org.apache.catalina.core.ApplicationFilterChain.internalDoFilter(ApplicationFilterChain.java:189) ~[tomcat-embed-core-9.0.63.jar:9.0.63]
	at org.apache.catalina.core.ApplicationFilterChain.doFilter(ApplicationFilterChain.java:162) ~[tomcat-embed-core-9.0.63.jar:9.0.63]
	at org.apache.catalina.core.StandardWrapperValve.invoke(StandardWrapperValve.java:197) ~[tomcat-embed-core-9.0.63.jar:9.0.63]
	at org.apache.catalina.core.StandardContextValve.invoke(StandardContextValve.java:97) ~[tomcat-embed-core-9.0.63.jar:9.0.63]
	at org.apache.catalina.authenticator.AuthenticatorBase.invoke(AuthenticatorBase.java:541) ~[tomcat-embed-core-9.0.63.jar:9.0.63]
	at org.apache.catalina.core.StandardHostValve.invoke(StandardHostValve.java:135) ~[tomcat-embed-core-9.0.63.jar:9.0.63]
	at org.apache.catalina.valves.ErrorReportValve.invoke(ErrorReportValve.java:92) ~[tomcat-embed-core-9.0.63.jar:9.0.63]
	at org.apache.catalina.core.StandardEngineValve.invoke(StandardEngineValve.java:78) ~[tomcat-embed-core-9.0.63.jar:9.0.63]
	at org.apache.catalina.connector.CoyoteAdapter.service(CoyoteAdapter.java:360) ~[tomcat-embed-core-9.0.63.jar:9.0.63]
	at org.apache.coyote.http11.Http11Processor.service(Http11Processor.java:399) ~[tomcat-embed-core-9.0.63.jar:9.0.63]
	at org.apache.coyote.AbstractProcessorLight.process(AbstractProcessorLight.java:65) ~[tomcat-embed-core-9.0.63.jar:9.0.63]
	at org.apache.coyote.AbstractProtocol$ConnectionHandler.process(AbstractProtocol.java:890) ~[tomcat-embed-core-9.0.63.jar:9.0.63]
	at org.apache.tomcat.util.net.NioEndpoint$SocketProcessor.doRun(NioEndpoint.java:1743) ~[tomcat-embed-core-9.0.63.jar:9.0.63]
	at org.apache.tomcat.util.net.SocketProcessorBase.run(SocketProcessorBase.java:49) ~[tomcat-embed-core-9.0.63.jar:9.0.63]
	at org.apache.tomcat.util.threads.ThreadPoolExecutor.runWorker(ThreadPoolExecutor.java:1191) ~[tomcat-embed-core-9.0.63.jar:9.0.63]
	at org.apache.tomcat.util.threads.ThreadPoolExecutor$Worker.run(ThreadPoolExecutor.java:659) ~[tomcat-embed-core-9.0.63.jar:9.0.63]
	at org.apache.tomcat.util.threads.TaskThread$WrappingRunnable.run(TaskThread.java:61) ~[tomcat-embed-core-9.0.63.jar:9.0.63]
	at java.base/java.lang.Thread.run(Thread.java:833) ~[na:na]

